[debug] [2023-02-28T19:55:13.501Z] ----------------------------------------------------------------------
[debug] [2023-02-28T19:55:13.503Z] Command:       C:\Program Files\nodejs\node.exe C:\Users\mirac\AppData\Roaming\npm\node_modules\firebase-tools\lib\bin\firebase.js deploy
[debug] [2023-02-28T19:55:13.504Z] CLI Version:   11.24.0
[debug] [2023-02-28T19:55:13.504Z] Platform:      win32
[debug] [2023-02-28T19:55:13.504Z] Node Version:  v16.15.1
[debug] [2023-02-28T19:55:13.506Z] Time:          Tue Feb 28 2023 13:55:13 GMT-0600 (Central Standard Time)
[debug] [2023-02-28T19:55:13.506Z] ----------------------------------------------------------------------
[debug] 
[debug] [2023-02-28T19:55:13.587Z] > command requires scopes: ["email","openid","https://www.googleapis.com/auth/cloudplatformprojects.readonly","https://www.googleapis.com/auth/firebase","https://www.googleapis.com/auth/cloud-platform"]
[debug] [2023-02-28T19:55:13.587Z] > authorizing via signed-in user (wyattrayder@gmail.com)
[debug] [2023-02-28T19:55:13.587Z] [iam] checking project the-sillavan-wedding for permissions ["firebase.projects.get","firebasehosting.sites.update"]
[debug] [2023-02-28T19:55:13.589Z] > refreshing access token with scopes: []
[debug] [2023-02-28T19:55:13.591Z] >>> [apiv2][query] POST https://www.googleapis.com/oauth2/v3/token [none]
[debug] [2023-02-28T19:55:13.591Z] >>> [apiv2][body] POST https://www.googleapis.com/oauth2/v3/token [omitted]
[debug] [2023-02-28T19:55:13.826Z] <<< [apiv2][status] POST https://www.googleapis.com/oauth2/v3/token 200
[debug] [2023-02-28T19:55:13.826Z] <<< [apiv2][body] POST https://www.googleapis.com/oauth2/v3/token [omitted]
[debug] [2023-02-28T19:55:13.835Z] >>> [apiv2][query] POST https://cloudresourcemanager.googleapis.com/v1/projects/the-sillavan-wedding:testIamPermissions [none]
[debug] [2023-02-28T19:55:13.835Z] >>> [apiv2][(partial)header] POST https://cloudresourcemanager.googleapis.com/v1/projects/the-sillavan-wedding:testIamPermissions x-goog-quota-user=projects/the-sillavan-wedding
[debug] [2023-02-28T19:55:13.836Z] >>> [apiv2][body] POST https://cloudresourcemanager.googleapis.com/v1/projects/the-sillavan-wedding:testIamPermissions {"permissions":["firebase.projects.get","firebasehosting.sites.update"]}
[debug] [2023-02-28T19:55:14.308Z] <<< [apiv2][status] POST https://cloudresourcemanager.googleapis.com/v1/projects/the-sillavan-wedding:testIamPermissions 200
[debug] [2023-02-28T19:55:14.308Z] <<< [apiv2][body] POST https://cloudresourcemanager.googleapis.com/v1/projects/the-sillavan-wedding:testIamPermissions {"permissions":["firebase.projects.get","firebasehosting.sites.update"]}
[debug] [2023-02-28T19:55:14.309Z] >>> [apiv2][query] GET https://firebase.googleapis.com/v1beta1/projects/the-sillavan-wedding [none]
[debug] [2023-02-28T19:55:14.601Z] <<< [apiv2][status] GET https://firebase.googleapis.com/v1beta1/projects/the-sillavan-wedding 200
[debug] [2023-02-28T19:55:14.601Z] <<< [apiv2][body] GET https://firebase.googleapis.com/v1beta1/projects/the-sillavan-wedding {"projectId":"the-sillavan-wedding","projectNumber":"775887295552","displayName":"The Sillavan Wedding","name":"projects/the-sillavan-wedding","resources":{"hostingSite":"the-sillavan-wedding"},"state":"ACTIVE","etag":"1_aaa031ef-555d-4d6b-99b7-05b95010d6fd"}
[info] 
[info] === Deploying to 'the-sillavan-wedding'...
[info] 
[info] i  deploying hosting 
[debug] [2023-02-28T19:55:14.607Z] >>> [apiv2][query] POST https://firebasehosting.googleapis.com/v1beta1/projects/-/sites/the-sillavan-wedding/versions [none]
[debug] [2023-02-28T19:55:14.607Z] >>> [apiv2][body] POST https://firebasehosting.googleapis.com/v1beta1/projects/-/sites/the-sillavan-wedding/versions {"status":"CREATED","labels":{"deployment-tool":"cli-firebase"}}
[debug] [2023-02-28T19:55:15.419Z] <<< [apiv2][status] POST https://firebasehosting.googleapis.com/v1beta1/projects/-/sites/the-sillavan-wedding/versions 200
[debug] [2023-02-28T19:55:15.419Z] <<< [apiv2][body] POST https://firebasehosting.googleapis.com/v1beta1/projects/-/sites/the-sillavan-wedding/versions {"name":"projects/775887295552/sites/the-sillavan-wedding/versions/34e5db9439d0c59a","status":"CREATED","config":{},"labels":{"deployment-tool":"cli-firebase"}}
[info] i  hosting[the-sillavan-wedding]: beginning deploy... 
[info] i  hosting[the-sillavan-wedding]: found 35 files in dist 
[debug] [2023-02-28T19:55:15.440Z] [hosting] uploading with 200 concurrency
[debug] [2023-02-28T19:55:15.662Z] [hosting] hash cache [ZGlzdA] stored for 35 files
[debug] [2023-02-28T19:55:15.662Z] [hosting][hash queue][FINAL] {"max":205,"min":30,"avg":47.857142857142854,"active":0,"complete":35,"success":35,"errored":0,"retried":0,"total":35,"elapsed":219}
[debug] [2023-02-28T19:55:15.663Z] >>> [apiv2][query] POST https://firebasehosting.googleapis.com/v1beta1/projects/775887295552/sites/the-sillavan-wedding/versions/34e5db9439d0c59a:populateFiles [none]
[debug] [2023-02-28T19:55:15.663Z] >>> [apiv2][body] POST https://firebasehosting.googleapis.com/v1beta1/projects/775887295552/sites/the-sillavan-wedding/versions/34e5db9439d0c59a:populateFiles {"files":{"/index.html":"99c54a986baabf183a328fdba57d2e744cc02b81c16ee66b9e57178520a0e071","/favicon.ico":"d5451f0f0f0bcbcd433bbdf4f6e7e5d89d8ecce2650649e969ccb5e5cd499ab2","/sLogo.ico":"95a304fd3970d65ccea733770324a1c93b4069f162bde31f5f3c355f2bf62876","/css/773.57e9f690.css":"ebacd84330044c085491fed1cbf53f06a324ab2059bcc9a2abc8084de2fa37e3","/css/app.0a2831a0.css":"0a5ce929e76087b7e589838ad80e0c726d871ddfccdbda8ce0d4ff5f0e6fcadf","/css/629.24fb7be8.css":"05869b30203176e1698ced9dce3e6e28789f78497f41ffa502012dc4a39c5d6b","/css/896.c1f61bc5.css":"f6090253fe0084a64a1633b0d4f2f17bcc373e75dcf6022627b70419a72a4884","/css/325.29c01225.css":"ed104e4a9cd0654a640ad2bcd2ca17eb7209521ba185176b12fd08605f0d7c0f","/img/default.a2d8c21d.jpg":"da152f464045b5e8dbe7bcafe5780bc2f2f249755c8950fd7c255975fa8c55e2","/js/629.ee026957.js":"d1e042b677881c54b7fc7a9e9959569003a6d831883ec9cfe9fb9da7f95dd1b0","/js/773.02b25b16.js":"4853019673ee920bcb80c41ef0ccbcd42fea91a029fda6a89bfa16f30c7aef0b","/js/773.02b25b16.js.map":"8ce213fc9e17f632ec31a2dc643f500cc83796a7f0fc6087cdcaf10080d30314","/js/325.22152c8f.js":"b659dfa6903e2f84244bcfd92dfaec95412134902a15572d5a551dfd583fa764","/js/896.2375d1e3.js":"b7fdd5d1e853656ed397a398f5699d385adbda33638e051350640cc90c9f308e","/js/about.f0bb8413.js.map":"d25167b422711a5e36e1c6539daae1b3c91416c5d068964e1b4ff2aa146c7eaa","/js/about.f0bb8413.js":"54054d979769efa047e1a46e918048c631ea06b32af1e10960d71fb5cec70d7d","/js/app.1cdb2505.js":"1e3a174f1245655b2c78721cc90eede7c89e8635a8bbfbc083a6a0875db33906","/js/629.ee026957.js.map":"81e04e16dfee0dd66ca8c2831574e0b9e8bd594d0e8501dda90f1bcef2f4883b","/js/896.2375d1e3.js.map":"e00514585dda301844cdb3cf29fcdc69c9d5123e861b1c0a8c50fff30c879fcc","/js/app.1cdb2505.js.map":"ebc592acd6fa7bec24ccca9ee10c9b63eafc4eeca13aac5b2dcf7056924e7eac","/img/amazon.26d5b80c.png":"dd70d12146b4a3051ee9505a436f3989fff0180d0f2db7b0b9afb52c8da9025d","/img/smallTwig.e4438988.png":"f015f298984a467be9579c234d3b4ab663ec775875b8ec3296732d483d67e4b3","/img/vatsal.a876da0f.jpg":"552f5a8cab0e0cc0d28ff615c1d3069c01e55d22d6da419db8e163d432659e9a","/img/walmart.cca4c6d2.png":"c4e97aca9a29d670e1a33ffdd725b8bed1faae028e3552989ec2fb797c7c5467","/img/madison2.713e696e.jpg":"e4e9fdc8ff1966bb1a70051018ed511eb34df244048ba02f6586f55f726266c4","/js/325.22152c8f.js.map":"7454b8b0387040a36db0cd312ae2d0d5a830fbb672b9db793a8be7432221a61a","/img/birch.ab03f237.jpg":"10ca0a64cc1ec63a97fe3cdc109fa613b53e73b37e252923aeb09f00c315c9d0","/img/jarely.bcc1389d.jpg":"aeddfa18f777d6e4a5d3b4a02fed61b0778bccc428d8768654dc8e879674b413","/js/chunk-vendors.4ee4c368.js":"bdfaa1c3143b21bcf9443b7388cbbf707729aa4bdf702fe39e0ea380e7c98a7e","/img/brinlee.bca8e1a4.jpg":"c0005bf1ef76006290b6fc8a1d387f0e98bfa9521a82a5399bcb78a65e56dbc8","/css/chunk-vendors.ab5b29fe.css":"481d615064d34e3f578fe6761feba9d8252b92c6facf584ae591717ef1213472","/img/hailey.4d291d5b.jpg":"349e1e8e7130a54444268284e92b5006e9b221cbf7025d91cfde1608742fdf94","/img/threeFlowers.77d1485f.png":"c37170da38fded6a03aa92e15d6f53a0f9ea05952d7f24311b05fb54e223d833","/img/framedPortrait.ba8a1cd9.png":"4d4f4353f5cf6e45119d7761681dde1a3cbd71e64e95efc05da2d035fb2100ff","/js/chunk-vendors.4ee4c368.js.map":"6ca5a0a01abf9ed204c016094a3c128dda5b8bf53fa4d7f7c615ebb215a94655"}}
[debug] [2023-02-28T19:55:16.602Z] <<< [apiv2][status] POST https://firebasehosting.googleapis.com/v1beta1/projects/775887295552/sites/the-sillavan-wedding/versions/34e5db9439d0c59a:populateFiles 200
[debug] [2023-02-28T19:55:16.602Z] <<< [apiv2][body] POST https://firebasehosting.googleapis.com/v1beta1/projects/775887295552/sites/the-sillavan-wedding/versions/34e5db9439d0c59a:populateFiles {"uploadRequiredHashes":["05869b30203176e1698ced9dce3e6e28789f78497f41ffa502012dc4a39c5d6b","d1e042b677881c54b7fc7a9e9959569003a6d831883ec9cfe9fb9da7f95dd1b0","81e04e16dfee0dd66ca8c2831574e0b9e8bd594d0e8501dda90f1bcef2f4883b","99c54a986baabf183a328fdba57d2e744cc02b81c16ee66b9e57178520a0e071","1e3a174f1245655b2c78721cc90eede7c89e8635a8bbfbc083a6a0875db33906","ebc592acd6fa7bec24ccca9ee10c9b63eafc4eeca13aac5b2dcf7056924e7eac"],"uploadUrl":"https://upload-firebasehosting.googleapis.com/upload/sites/the-sillavan-wedding/versions/34e5db9439d0c59a/files"}
[debug] [2023-02-28T19:55:16.604Z] >>> [apiv2][query] POST https://upload-firebasehosting.googleapis.com/upload/sites/the-sillavan-wedding/versions/34e5db9439d0c59a/files/05869b30203176e1698ced9dce3e6e28789f78497f41ffa502012dc4a39c5d6b [none]
[debug] [2023-02-28T19:55:16.604Z] >>> [apiv2][body] POST https://upload-firebasehosting.googleapis.com/upload/sites/the-sillavan-wedding/versions/34e5db9439d0c59a/files/05869b30203176e1698ced9dce3e6e28789f78497f41ffa502012dc4a39c5d6b [stream]
[debug] [2023-02-28T19:55:16.605Z] >>> [apiv2][query] POST https://upload-firebasehosting.googleapis.com/upload/sites/the-sillavan-wedding/versions/34e5db9439d0c59a/files/d1e042b677881c54b7fc7a9e9959569003a6d831883ec9cfe9fb9da7f95dd1b0 [none]
[debug] [2023-02-28T19:55:16.605Z] >>> [apiv2][body] POST https://upload-firebasehosting.googleapis.com/upload/sites/the-sillavan-wedding/versions/34e5db9439d0c59a/files/d1e042b677881c54b7fc7a9e9959569003a6d831883ec9cfe9fb9da7f95dd1b0 [stream]
[debug] [2023-02-28T19:55:16.606Z] >>> [apiv2][query] POST https://upload-firebasehosting.googleapis.com/upload/sites/the-sillavan-wedding/versions/34e5db9439d0c59a/files/81e04e16dfee0dd66ca8c2831574e0b9e8bd594d0e8501dda90f1bcef2f4883b [none]
[debug] [2023-02-28T19:55:16.606Z] >>> [apiv2][body] POST https://upload-firebasehosting.googleapis.com/upload/sites/the-sillavan-wedding/versions/34e5db9439d0c59a/files/81e04e16dfee0dd66ca8c2831574e0b9e8bd594d0e8501dda90f1bcef2f4883b [stream]
[debug] [2023-02-28T19:55:16.607Z] >>> [apiv2][query] POST https://upload-firebasehosting.googleapis.com/upload/sites/the-sillavan-wedding/versions/34e5db9439d0c59a/files/99c54a986baabf183a328fdba57d2e744cc02b81c16ee66b9e57178520a0e071 [none]
[debug] [2023-02-28T19:55:16.607Z] >>> [apiv2][body] POST https://upload-firebasehosting.googleapis.com/upload/sites/the-sillavan-wedding/versions/34e5db9439d0c59a/files/99c54a986baabf183a328fdba57d2e744cc02b81c16ee66b9e57178520a0e071 [stream]
[debug] [2023-02-28T19:55:16.608Z] >>> [apiv2][query] POST https://upload-firebasehosting.googleapis.com/upload/sites/the-sillavan-wedding/versions/34e5db9439d0c59a/files/1e3a174f1245655b2c78721cc90eede7c89e8635a8bbfbc083a6a0875db33906 [none]
[debug] [2023-02-28T19:55:16.608Z] >>> [apiv2][body] POST https://upload-firebasehosting.googleapis.com/upload/sites/the-sillavan-wedding/versions/34e5db9439d0c59a/files/1e3a174f1245655b2c78721cc90eede7c89e8635a8bbfbc083a6a0875db33906 [stream]
[debug] [2023-02-28T19:55:16.609Z] >>> [apiv2][query] POST https://upload-firebasehosting.googleapis.com/upload/sites/the-sillavan-wedding/versions/34e5db9439d0c59a/files/ebc592acd6fa7bec24ccca9ee10c9b63eafc4eeca13aac5b2dcf7056924e7eac [none]
[debug] [2023-02-28T19:55:16.609Z] >>> [apiv2][body] POST https://upload-firebasehosting.googleapis.com/upload/sites/the-sillavan-wedding/versions/34e5db9439d0c59a/files/ebc592acd6fa7bec24ccca9ee10c9b63eafc4eeca13aac5b2dcf7056924e7eac [stream]
[debug] [2023-02-28T19:55:16.610Z] [hosting][populate queue][FINAL] {"max":942,"min":942,"avg":942,"active":0,"complete":1,"success":1,"errored":0,"retried":0,"total":1,"elapsed":949}
[debug] [2023-02-28T19:55:16.610Z] [hosting] uploads queued: 6
[debug] [2023-02-28T19:55:17.412Z] <<< [apiv2][status] POST https://upload-firebasehosting.googleapis.com/upload/sites/the-sillavan-wedding/versions/34e5db9439d0c59a/files/81e04e16dfee0dd66ca8c2831574e0b9e8bd594d0e8501dda90f1bcef2f4883b 200
[debug] [2023-02-28T19:55:17.412Z] <<< [apiv2][body] POST https://upload-firebasehosting.googleapis.com/upload/sites/the-sillavan-wedding/versions/34e5db9439d0c59a/files/81e04e16dfee0dd66ca8c2831574e0b9e8bd594d0e8501dda90f1bcef2f4883b [stream]
[debug] [2023-02-28T19:55:17.443Z] <<< [apiv2][status] POST https://upload-firebasehosting.googleapis.com/upload/sites/the-sillavan-wedding/versions/34e5db9439d0c59a/files/ebc592acd6fa7bec24ccca9ee10c9b63eafc4eeca13aac5b2dcf7056924e7eac 200
[debug] [2023-02-28T19:55:17.443Z] <<< [apiv2][body] POST https://upload-firebasehosting.googleapis.com/upload/sites/the-sillavan-wedding/versions/34e5db9439d0c59a/files/ebc592acd6fa7bec24ccca9ee10c9b63eafc4eeca13aac5b2dcf7056924e7eac [stream]
[debug] [2023-02-28T19:55:17.493Z] <<< [apiv2][status] POST https://upload-firebasehosting.googleapis.com/upload/sites/the-sillavan-wedding/versions/34e5db9439d0c59a/files/d1e042b677881c54b7fc7a9e9959569003a6d831883ec9cfe9fb9da7f95dd1b0 200
[debug] [2023-02-28T19:55:17.493Z] <<< [apiv2][body] POST https://upload-firebasehosting.googleapis.com/upload/sites/the-sillavan-wedding/versions/34e5db9439d0c59a/files/d1e042b677881c54b7fc7a9e9959569003a6d831883ec9cfe9fb9da7f95dd1b0 [stream]
[debug] [2023-02-28T19:55:17.520Z] <<< [apiv2][status] POST https://upload-firebasehosting.googleapis.com/upload/sites/the-sillavan-wedding/versions/34e5db9439d0c59a/files/05869b30203176e1698ced9dce3e6e28789f78497f41ffa502012dc4a39c5d6b 200
[debug] [2023-02-28T19:55:17.520Z] <<< [apiv2][body] POST https://upload-firebasehosting.googleapis.com/upload/sites/the-sillavan-wedding/versions/34e5db9439d0c59a/files/05869b30203176e1698ced9dce3e6e28789f78497f41ffa502012dc4a39c5d6b [stream]
[debug] [2023-02-28T19:55:17.544Z] <<< [apiv2][status] POST https://upload-firebasehosting.googleapis.com/upload/sites/the-sillavan-wedding/versions/34e5db9439d0c59a/files/99c54a986baabf183a328fdba57d2e744cc02b81c16ee66b9e57178520a0e071 200
[debug] [2023-02-28T19:55:17.544Z] <<< [apiv2][body] POST https://upload-firebasehosting.googleapis.com/upload/sites/the-sillavan-wedding/versions/34e5db9439d0c59a/files/99c54a986baabf183a328fdba57d2e744cc02b81c16ee66b9e57178520a0e071 [stream]
[debug] [2023-02-28T19:55:17.586Z] <<< [apiv2][status] POST https://upload-firebasehosting.googleapis.com/upload/sites/the-sillavan-wedding/versions/34e5db9439d0c59a/files/1e3a174f1245655b2c78721cc90eede7c89e8635a8bbfbc083a6a0875db33906 200
[debug] [2023-02-28T19:55:17.586Z] <<< [apiv2][body] POST https://upload-firebasehosting.googleapis.com/upload/sites/the-sillavan-wedding/versions/34e5db9439d0c59a/files/1e3a174f1245655b2c78721cc90eede7c89e8635a8bbfbc083a6a0875db33906 [stream]
[debug] [2023-02-28T19:55:17.587Z] [hosting][upload queue][FINAL] {"max":983,"min":809,"avg":896.8333333333334,"active":0,"complete":6,"success":6,"errored":0,"retried":0,"total":6,"elapsed":983}
[info] +  hosting[the-sillavan-wedding]: file upload complete 
[debug] [2023-02-28T19:55:17.588Z] [hosting] deploy completed after 2168ms
[debug] [2023-02-28T19:55:17.589Z] [
  {
    "config": {
      "public": "dist",
      "ignore": [
        "firebase.json",
        "**/.*",
        "**/node_modules/**"
      ],
      "rewrites": [
        {
          "source": "**",
          "destination": "/index.html"
        }
      ],
      "site": "the-sillavan-wedding"
    },
    "version": "projects/775887295552/sites/the-sillavan-wedding/versions/34e5db9439d0c59a"
  }
]
[info] i  hosting[the-sillavan-wedding]: finalizing version... 
[debug] [2023-02-28T19:55:17.592Z] >>> [apiv2][query] PATCH https://firebasehosting.googleapis.com/v1beta1/projects/-/sites/the-sillavan-wedding/versions/34e5db9439d0c59a updateMask=status%2Cconfig
[debug] [2023-02-28T19:55:17.592Z] >>> [apiv2][body] PATCH https://firebasehosting.googleapis.com/v1beta1/projects/-/sites/the-sillavan-wedding/versions/34e5db9439d0c59a {"status":"FINALIZED","config":{"rewrites":[{"glob":"**","path":"/index.html"}]}}
[debug] [2023-02-28T19:55:17.980Z] <<< [apiv2][status] PATCH https://firebasehosting.googleapis.com/v1beta1/projects/-/sites/the-sillavan-wedding/versions/34e5db9439d0c59a 200
[debug] [2023-02-28T19:55:17.980Z] <<< [apiv2][body] PATCH https://firebasehosting.googleapis.com/v1beta1/projects/-/sites/the-sillavan-wedding/versions/34e5db9439d0c59a {"name":"projects/775887295552/sites/the-sillavan-wedding/versions/34e5db9439d0c59a","status":"FINALIZED","config":{"rewrites":[{"glob":"**","path":"/index.html"}]},"labels":{"deployment-tool":"cli-firebase"},"createTime":"2023-02-28T19:55:15.169700Z","createUser":{"email":"wyattrayder@gmail.com"},"finalizeTime":"2023-02-28T19:55:18.174692Z","finalizeUser":{"email":"wyattrayder@gmail.com"}}
[debug] [2023-02-28T19:55:17.980Z] [hosting] finalized version for the-sillavan-wedding:[object Object]
[info] +  hosting[the-sillavan-wedding]: version finalized 
[info] i  hosting[the-sillavan-wedding]: releasing new version... 
[debug] [2023-02-28T19:55:17.982Z] >>> [apiv2][query] POST https://firebasehosting.googleapis.com/v1beta1/projects/-/sites/the-sillavan-wedding/channels/live/releases versionName=projects%2F775887295552%2Fsites%2Fthe-sillavan-wedding%2Fversions%2F34e5db9439d0c59a
[debug] [2023-02-28T19:55:17.982Z] >>> [apiv2][body] POST https://firebasehosting.googleapis.com/v1beta1/projects/-/sites/the-sillavan-wedding/channels/live/releases {}
[debug] [2023-02-28T19:55:18.411Z] <<< [apiv2][status] POST https://firebasehosting.googleapis.com/v1beta1/projects/-/sites/the-sillavan-wedding/channels/live/releases 200
[debug] [2023-02-28T19:55:18.411Z] <<< [apiv2][body] POST https://firebasehosting.googleapis.com/v1beta1/projects/-/sites/the-sillavan-wedding/channels/live/releases {"name":"projects/775887295552/sites/the-sillavan-wedding/channels/live/releases/1677614117999000","version":{"name":"projects/775887295552/sites/the-sillavan-wedding/versions/34e5db9439d0c59a","status":"FINALIZED","config":{"rewrites":[{"glob":"**","path":"/index.html"}]},"labels":{"deployment-tool":"cli-firebase"},"createTime":"2023-02-28T19:55:15.169700Z","createUser":{"email":"wyattrayder@gmail.com","imageUrl":"https://lh3.googleusercontent.com/a/AGNmyxam1ekIL7VsDPn_2FtKqHs03q6twjhjK0vrYwc1=mo"},"finalizeTime":"2023-02-28T19:55:18.174692Z","finalizeUser":{"email":"wyattrayder@gmail.com","imageUrl":"https://lh3.googleusercontent.com/a/AGNmyxam1ekIL7VsDPn_2FtKqHs03q6twjhjK0vrYwc1=mo"}},"type":"DEPLOY","releaseTime":"2023-02-28T19:55:17.999Z","releaseUser":{"email":"wyattrayder@gmail.com","imageUrl":"https://lh3.googleusercontent.com/a/AGNmyxam1ekIL7VsDPn_2FtKqHs03q6twjhjK0vrYwc1=mo"}}
[debug] [2023-02-28T19:55:18.412Z] [hosting] release: {"name":"projects/775887295552/sites/the-sillavan-wedding/channels/live/releases/1677614117999000","version":{"name":"projects/775887295552/sites/the-sillavan-wedding/versions/34e5db9439d0c59a","status":"FINALIZED","config":{"rewrites":[{"glob":"**","path":"/index.html"}]},"labels":{"deployment-tool":"cli-firebase"},"createTime":"2023-02-28T19:55:15.169700Z","createUser":{"email":"wyattrayder@gmail.com","imageUrl":"https://lh3.googleusercontent.com/a/AGNmyxam1ekIL7VsDPn_2FtKqHs03q6twjhjK0vrYwc1=mo"},"finalizeTime":"2023-02-28T19:55:18.174692Z","finalizeUser":{"email":"wyattrayder@gmail.com","imageUrl":"https://lh3.googleusercontent.com/a/AGNmyxam1ekIL7VsDPn_2FtKqHs03q6twjhjK0vrYwc1=mo"}},"type":"DEPLOY","releaseTime":"2023-02-28T19:55:17.999Z","releaseUser":{"email":"wyattrayder@gmail.com","imageUrl":"https://lh3.googleusercontent.com/a/AGNmyxam1ekIL7VsDPn_2FtKqHs03q6twjhjK0vrYwc1=mo"}}
[info] +  hosting[the-sillavan-wedding]: release complete 
[info] 
[info] +  Deploy complete! 
[info] 
[info] Project Console: https://console.firebase.google.com/project/the-sillavan-wedding/overview
[info] Hosting URL: https://the-sillavan-wedding.web.app
[debug] [2023-02-28T19:55:23.712Z] Error: Timed out.
    at Timeout._onTimeout (C:\Users\mirac\AppData\Roaming\npm\node_modules\firebase-tools\lib\utils.js:253:49)
    at listOnTimeout (node:internal/timers:559:17)
    at processTimers (node:internal/timers:502:7)
[error] 
[error] Error: An unexpected error has occurred.
